<?xml version="1.0" encoding="UTF-8"?>
<!-- Generated by org.testng.reporters.JUnitXMLReporter -->
<testsuite ignored="0" hostname="DESKTOP-KFTFO04" failures="1" tests="2" name="Test" time="35.81" errors="0" timestamp="2022-12-09T18:48:43 IST">
  <testcase classname="TestCases.LogInTestCase" name="login" time="2.032">
    <failure type="java.lang.AssertionError" message="The following asserts failed:
	expected [Please check your username and password. If you still can&amp;apos;t log in, contact your Salesforce administrator] but found [Please check your username and password. If you still can&amp;apos;t log in, contact your Salesforce administrator.]">
      <![CDATA[java.lang.AssertionError: The following asserts failed:
expected [Please check your username and password. If you still can't log in, contact your Salesforce administrator] but found [Please check your username and password. If you still can't log in, contact your Salesforce administrator.]
at Resources.CommonMethod.handleAssertion(CommonMethod.java:33)
at TestCases.LogInTestCase.login(LogInTestCase.java:29)
at java.base/java.util.ArrayList.forEach(ArrayList.java:1511)
... Removed 29 stack frames]]>
    </failure>
  </testcase> <!-- login -->
  <testcase classname="TestCases.SignUpTestCase" name="verifySignup" time="18.238"/>
</testsuite> <!-- Test -->
